Log file open, 06/17/16 12:56:04
LogInit:Display: Running engine for game: 천왕
LogPlatformFile: Not using cached read wrapper
LogInit:Display: RandInit(-1374249595) SRandInit(-1374249593).
LogTaskGraph: Started task graph with 4 named threads and 5 total threads with 1 sets of task threads.
LogStats: Stats thread started at 0.098436
LogInit: Version: 4.12.2-3005592+++UE4+Release-4.12
LogInit: API Version: 2992821
LogInit: Net Version: 3005592
LogDevObjectVersion: Number of dev versions registered: 13
LogDevObjectVersion:   Dev-Blueprints (B0D832E4-1F89-4F0D-ACCF-7EB736FD4AA2): 3
LogDevObjectVersion:   Dev-Build (E1C64328-A22C-4D53-A36C-8E866417BD8C): 0
LogDevObjectVersion:   Dev-Core (375EC13C-06E4-48FB-B500-84F0262A717E): 1
LogDevObjectVersion:   Dev-Editor (E4B068ED-F494-42E9-A231-DA0B2E46BB41): 2
LogDevObjectVersion:   Dev-Framework (CFFC743F-43B0-4480-9391-14DF171D2073): 6
LogDevObjectVersion:   Dev-Mobile (B02B49B5-BB20-44E9-A304-32B752E40360): 0
LogDevObjectVersion:   Dev-Networking (A4E4105C-59A1-49B5-A7C5-40C4547EDFEE): 0
LogDevObjectVersion:   Dev-Online (39C831C9-5AE6-47DC-9A44-9C173E1C8E7C): 0
LogDevObjectVersion:   Dev-Physics (78F01B33-EBEA-4F98-B9B4-84EACCB95AA2): 0
LogDevObjectVersion:   Dev-Platform (6631380F-2D4D-43E0-8009-CF276956A95A): 0
LogDevObjectVersion:   Dev-Rendering (12F88B9F-8875-4AFC-A67C-D90C383ABD29): 2
LogDevObjectVersion:   Dev-Sequencer (7B5AE74C-D270-4C10-A958-57980B212A5A): 0
LogDevObjectVersion:   Dev-VR (D7296918-1DD6-4BDD-9DE2-64A83CC13884): 0
LogInit: Compiled (64-bit): Jun  8 2016 08:57:49
LogInit: Compiled with Visual C++: 19.00.23026.00
LogInit: Build Configuration: Development
LogInit: Branch Name: ++UE4+Release-4.12
LogInit: Command line: -EpicPortal 
LogInit: Base directory: C:/Program Files (x86)/Epic Games/4.12/Engine/Binaries/Win64/
LogInit: Installed Engine Build: 1
LogInit: Using libcurl 7.41.0
LogInit:  - built for x86_64-pc-win32
LogInit:  - supports SSL with WinSSL
LogInit:  - other features:
LogInit:      CURL_VERSION_SSL
LogInit:      CURL_VERSION_IPV6
LogInit:      CURL_VERSION_ASYNCHDNS
LogInit:      CURL_VERSION_LARGEFILE
LogInit:      CURL_VERSION_IDN
LogInit:  CurlRequestOptions (configurable via config and command line):
LogInit:  - bVerifyPeer = true  - Libcurl will verify peer certificate
LogInit:  - bUseHttpProxy = false  - Libcurl will NOT use HTTP proxy
LogInit:  - bDontReuseConnections = false  - Libcurl will reuse connections
LogInit:  - CertBundlePath = nullptr  - Libcurl will use whatever was configured at build time.
LogInit: Presizing for max 8388607 objects, including 0 objects not considered by GC, pre-allocating 0 bytes for permanent pool.
LogInit: Object subsystem initialized
[2016.06.17-03.56.04:981][  0]LogInit: Selected Device Profile: [Windows]
[2016.06.17-03.56.04:981][  0]LogInit: Applying CVar settings loaded from the selected device profile: [Windows]
[2016.06.17-03.56.05:023][  0]LogInit: Computer: GAME
[2016.06.17-03.56.05:023][  0]LogInit: User: GAME
[2016.06.17-03.56.05:023][  0]LogInit: CPU Page size=65536, Cores=2
[2016.06.17-03.56.05:023][  0]LogInit: High frequency timer resolution =2.435878 MHz
[2016.06.17-03.56.05:023][  0]LogMemory: Memory total: Physical=3.8GB (4GB approx)
[2016.06.17-03.56.05:023][  0]LogMemory: Platform Memory Stats for Windows
[2016.06.17-03.56.05:023][  0]LogMemory: Process Physical Memory: 190.06 MB used, 190.06 MB peak
[2016.06.17-03.56.05:023][  0]LogMemory: Process Virtual Memory: 194.80 MB used, 194.80 MB peak
[2016.06.17-03.56.05:023][  0]LogMemory: Physical Memory: 3134.64 MB used, 3877.53 MB total
[2016.06.17-03.56.05:023][  0]LogMemory: Virtual Memory: 551.86 MB used, 134217728.00 MB total
[2016.06.17-03.56.05:088][  0]LogTextLocalizationManager: No specific translations for ('ko-KR') exist, so ('ko') translations will be used.
[2016.06.17-03.56.05:198][  0]LogTextLocalizationManager:Warning: Loaded localization resources contain conflicting entries for (Namespace:KismetSchema, Key:Default):
Localization Resource: (C:/Program Files (x86)/Epic Games/4.12/Engine/Content/Localization/EditorTutorials/ko/EditorTutorials.locres) Source String Hash: (940523119) Localized String: (디폴트)
Localization Resource: (C:/Program Files (x86)/Epic Games/4.12/Engine/Content/Localization/Engine/ko/Engine.locres) Source String Hash: (940523119) Localized String: (기본)
[2016.06.17-03.56.05:198][  0]LogTextLocalizationManager:Warning: Loaded localization resources contain conflicting entries for (Namespace:UObjectToolTips, Key:AnimNode_AssetPlayerBase:InternalTimeAccumulator):
Localization Resource: (C:/Program Files (x86)/Epic Games/4.12/Engine/Content/Localization/EditorTutorials/ko/EditorTutorials.locres) Source String Hash: (502993589) Localized String: (이 노드에서 애셋을 레퍼런싱하는 데 사용되는 누적 시간입니다.)
Localization Resource: (C:/Program Files (x86)/Epic Games/4.12/Engine/Content/Localization/Engine/ko/Engine.locres) Source String Hash: (502993589) Localized String: (이 노드에서 애셋을 레퍼런싱하는 데 사용된 누적 시간입니다.)
[2016.06.17-03.56.05:198][  0]LogTextLocalizationManager:Warning: Loaded localization resources contain conflicting entries for (Namespace:UObjectToolTips, Key:AnimNode_AssetPlayerBase:bIgnoreForRelevancyTest):
Localization Resource: (C:/Program Files (x86)/Epic Games/4.12/Engine/Content/Localization/EditorTutorials/ko/EditorTutorials.locres) Source String Hash: (319969718) Localized String: (True 면, 스테이트에서 최고 가중치 애니메이션을 찾는 "Relevant anim" 노드는 이 노드를 무시합니다.
 )
Localization Resource: (C:/Program Files (x86)/Epic Games/4.12/Engine/Content/Localization/Engine/ko/Engine.locres) Source String Hash: (319969718) Localized String: (True 면 스테이트 내 최고 웨이팅된 애니메이션을 찾는 "Relevant anim" 노드가 무시됩니다.
 )
[2016.06.17-03.56.05:198][  0]LogTextLocalizationManager:Warning: Loaded localization resources contain conflicting entries for (Namespace:UObjectToolTips, Key:AnimNode_AssetPlayerBase:BlendWeight):
Localization Resource: (C:/Program Files (x86)/Epic Games/4.12/Engine/Content/Localization/EditorTutorials/ko/EditorTutorials.locres) Source String Hash: (-1232800293) Localized String: (이 노드에 마지막 걸린 블렌드웨이트 입니다.)
Localization Resource: (C:/Program Files (x86)/Epic Games/4.12/Engine/Content/Localization/Engine/ko/Engine.locres) Source String Hash: (-1232800293) Localized String: (이 노드에 대해 마지막 접한 블렌드 웨이트)
[2016.06.17-03.56.05:448][  0]LogD3D11RHI: D3D11 adapters:
[2016.06.17-03.56.05:512][  0]LogD3D11RHI:    0. 'NVIDIA GeForce 610M' (Feature Level 11_0)
[2016.06.17-03.56.05:512][  0]LogD3D11RHI:       979/0/1938 MB DedicatedVideo/DedicatedSystem/SharedSystem, Outputs:1, VendorId:0x10de
[2016.06.17-03.56.05:516][  0]LogD3D11RHI:    1. 'Intel(R) HD Graphics 4000' (Feature Level 11_0)
[2016.06.17-03.56.05:516][  0]LogD3D11RHI:       32/0/1760 MB DedicatedVideo/DedicatedSystem/SharedSystem, Outputs:0, VendorId:0x8086
[2016.06.17-03.56.05:518][  0]LogD3D11RHI:    2. 'Microsoft Basic Render Driver' (Feature Level 11_0)
[2016.06.17-03.56.05:518][  0]LogD3D11RHI:       0/0/1938 MB DedicatedVideo/DedicatedSystem/SharedSystem, Outputs:0, VendorId:0x1414
[2016.06.17-03.56.05:518][  0]LogD3D11RHI: Chosen D3D11 Adapter: 0
[2016.06.17-03.56.05:524][  0]LogD3D11RHI: Creating new Direct3DDevice
[2016.06.17-03.56.05:524][  0]LogD3D11RHI:     GPU DeviceId: 0x1058 (for the marketing name, search the web for "GPU Device Id")
[2016.06.17-03.56.05:524][  0]LogWindows: EnumDisplayDevices:
[2016.06.17-03.56.05:525][  0]LogWindows:    0. 'Intel(R) HD Graphics 4000' (P:1 D:1)
[2016.06.17-03.56.05:525][  0]LogWindows:    1. 'Intel(R) HD Graphics 4000' (P:0 D:0)
[2016.06.17-03.56.05:525][  0]LogWindows:    2. 'Intel(R) HD Graphics 4000' (P:0 D:0)
[2016.06.17-03.56.05:525][  0]LogWindows: DebugString: PrimaryIsNotTheChoosenAdapter PrimaryIsNotTheChoosenAdapter PrimaryIsNotTheChoosenAdapter FoundDriverCount:0 
[2016.06.17-03.56.05:525][  0]LogD3D11RHI:     Adapter Name: NVIDIA GeForce 610M
[2016.06.17-03.56.05:525][  0]LogD3D11RHI:   Driver Version: Unknown (internal:Unknown, unified:Unknown)
[2016.06.17-03.56.05:525][  0]LogD3D11RHI:      Driver Date: Unknown
[2016.06.17-03.56.05:525][  0]LogRHI: Texture pool is 685 MB (70% of 979 MB)
[2016.06.17-03.56.05:541][  0]LogD3D11RHI: Async texture creation enabled
[2016.06.17-03.56.05:554][  0]LogD3D11RHI: GPU Timing Frequency: 1000.000000 (Debug: 2 1)
[2016.06.17-03.56.05:555][  0]LogShaderCompilers: Guid format shader working directory is -2 characters bigger than the processId version (../../../../../../Users/GAME/Downloads/3대천왕 완성본/Intermediate/Shaders/WorkingDirectory/6020/).
[2016.06.17-03.56.05:555][  0]LogShaderCompilers: Cleaned the shader compiler working directory 'C:/Users/GAME/AppData/Local/Temp/UnrealShaderWorkingDir/DE9AE5954135A31796794CA8F1AEBC5E/'.
[2016.06.17-03.56.05:555][  0]LogShaderCompilers:Display: Using Local Shader Compiler.
[2016.06.17-03.56.07:897][  0]LogTemp:Display: Loaded TP AllDesktopTargetPlatform
[2016.06.17-03.56.07:911][  0]LogTemp:Display: Loaded TP WindowsClientTargetPlatform
[2016.06.17-03.56.07:924][  0]LogTemp:Display: Loaded TP WindowsNoEditorTargetPlatform
[2016.06.17-03.56.07:937][  0]LogTemp:Display: Loaded TP WindowsServerTargetPlatform
[2016.06.17-03.56.07:950][  0]LogTemp:Display: Loaded TP WindowsTargetPlatform
[2016.06.17-03.56.07:961][  0]LogTemp:Display: Loaded TP AndroidTargetPlatform
[2016.06.17-03.56.07:972][  0]LogTemp:Display: Loaded TP Android_ASTCTargetPlatform
[2016.06.17-03.56.07:983][  0]LogTemp:Display: Loaded TP Android_ATCTargetPlatform
[2016.06.17-03.56.07:995][  0]LogTemp:Display: Loaded TP Android_DXTTargetPlatform
[2016.06.17-03.56.08:008][  0]LogTemp:Display: Loaded TP Android_ETC1TargetPlatform
[2016.06.17-03.56.08:020][  0]LogTemp:Display: Loaded TP Android_ETC2TargetPlatform
[2016.06.17-03.56.08:044][  0]LogTemp:Display: Loaded TP Android_MultiTargetPlatform
[2016.06.17-03.56.08:044][  0]LogTemp:Display: Loaded TP Android_PVRTCTargetPlatform
[2016.06.17-03.56.08:045][  0]LogTemp:Display: Loaded TP HTML5TargetPlatform
[2016.06.17-03.56.08:070][  0]LogTemp:Display: Loaded TP IOSTargetPlatform
[2016.06.17-03.56.08:083][  0]LogTemp:Display: Loaded TP TVOSTargetPlatform
[2016.06.17-03.56.08:093][  0]LogTemp:Display: Loaded TP LinuxNoEditorTargetPlatform
[2016.06.17-03.56.08:104][  0]LogTemp:Display: Loaded TP LinuxServerTargetPlatform
[2016.06.17-03.56.08:118][  0]LogTemp:Display: Loaded TP LinuxTargetPlatform
[2016.06.17-03.56.08:118][  0]LogTargetPlatformManager:Display: Building Assets For Windows
[2016.06.17-03.56.08:226][  0]LogDerivedDataCache:Display: Max Cache Size: 512 MB
[2016.06.17-03.56.08:310][  0]LogDerivedDataCache: Loaded boot cache 0.08s 48MB C:/Users/GAME/AppData/Local/UnrealEngine/4.12/DerivedDataCache/Boot.ddc.
[2016.06.17-03.56.08:310][  0]LogDerivedDataCache:Display: Loaded Boot cache: C:/Users/GAME/AppData/Local/UnrealEngine/4.12/DerivedDataCache/Boot.ddc
[2016.06.17-03.56.08:310][  0]LogDerivedDataCache: FDerivedDataBackendGraph:  Pak pak cache file ../../../../../../Users/GAME/Downloads/3대천왕 완성본/DerivedDataCache/DDC.ddp not found, will not use a pak cache.
[2016.06.17-03.56.08:310][  0]LogDerivedDataCache: Unable to find inner node Pak for hierarchical cache Hierarchy.
[2016.06.17-03.56.08:310][  0]LogDerivedDataCache: FDerivedDataBackendGraph:  CompressedPak pak cache file ../../../../../../Users/GAME/Downloads/3대천왕 완성본/DerivedDataCache/Compressed.ddp not found, will not use a pak cache.
[2016.06.17-03.56.08:310][  0]LogDerivedDataCache: Unable to find inner node CompressedPak for hierarchical cache Hierarchy.
[2016.06.17-03.56.08:336][  0]LogDerivedDataCache:Display: Pak cache opened for reading ../../../Engine/DerivedDataCache/Compressed.ddp.
[2016.06.17-03.56.08:348][  0]LogDerivedDataCache: Using Local data cache path C:/Users/GAME/AppData/Local/UnrealEngine/Common/DerivedDataCache: Writable
[2016.06.17-03.56.08:860][  0]LogInit: Selected Device Profile: [Windows]
[2016.06.17-03.56.08:861][  0]LogContentStreaming: Texture pool size is 0.00 MB
[2016.06.17-03.56.09:150][  0]LogMeshUtilities: No automatic mesh reduction module available
[2016.06.17-03.56.09:150][  0]LogMeshUtilities: No automatic mesh merging module available
[2016.06.17-03.56.09:150][  0]LogMeshUtilities: No distributed automatic mesh merging module available
[2016.06.17-03.56.09:535][  0]LogAssetRegistry: FAssetRegistry took 0.0220 seconds to start up
[2016.06.17-03.56.09:977][  0]LogPackageLocalizationCache: Processed 3 localized package path(s) for 2 prioritized culture(s) in 0.437325 seconds
[2016.06.17-03.56.09:988][  0]LogUObjectArray: 28739 objects as part of root set at end of initial load.
[2016.06.17-03.56.09:988][  0]LogUObjectAllocator: 5855624 out of 0 bytes used by permanent object pool.
[2016.06.17-03.56.09:988][  0]LogUObjectArray: CloseDisregardForGC: 0/0 objects in disregard for GC pool
[2016.06.17-03.56.10:008][  0]LogInit: WinSock: version 1.1 (2.2), MaxSocks=32767, MaxUdp=65467
[2016.06.17-03.56.10:308][  0]LogSlate: SlateFontCache - WITH_FREETYPE: 1, WITH_HARFBUZZ: 1
[2016.06.17-03.56.10:308][  0]LogSlate: SlateFontCache - WITH_FREETYPE: 1, WITH_HARFBUZZ: 1
[2016.06.17-03.56.11:171][  0]LogUdpMessaging: Initializing bridge on interface 0.0.0.0:0 to multicast group 230.0.0.1:6666.
[2016.06.17-03.56.11:624][  0]SourceControl: 정보 소스 콘트롤이 꺼졌습니다.
[2016.06.17-03.56.11:625][  0]SourceControl: 정보 소스 콘트롤이 꺼졌습니다.
[2016.06.17-03.56.11:639][  0]SourceControl: 정보 소스 콘트롤이 꺼졌습니다.
[2016.06.17-03.56.11:652][  0]SourceControl: 정보 소스 콘트롤이 꺼졌습니다.
[2016.06.17-03.56.12:208][  0]LogEngine: Initializing Engine...
[2016.06.17-03.56.12:211][  0]LogHMD: SteamVR failed to initialize.  Err: 110
[2016.06.17-03.56.12:213][  0]LogHMD: SteamVR failed to initialize.  Err: 110
[2016.06.17-03.56.12:592][  0]LogAIModule: Creating AISystem for world NewWorld
[2016.06.17-03.56.12:596][  0]LogInit: XAudio2 using '스피커(Realtek High Definition Audio)' : 2 channels at 48 kHz using 32 bits per sample (channel mask 0x3)
[2016.06.17-03.56.12:629][  0]LogInit: FAudioDevice initialized.
[2016.06.17-03.56.12:670][  0]LogDerivedDataCache: Saved boot cache 0.04s 48MB C:/Users/GAME/AppData/Local/UnrealEngine/4.12/DerivedDataCache/Boot.ddc.
[2016.06.17-03.56.12:677][  0]LogInit: Texture streaming: Enabled
[2016.06.17-03.56.12:869][  0]LogInit: Transaction tracking system initialized
[2016.06.17-03.56.12:937][  0]BlueprintLog: New page: 에디터 로드
[2016.06.17-03.56.13:092][  0]LocalizationService: 정보 현지화 서비스가 비활성화되었습니다.
[2016.06.17-03.56.13:467][  0]LogConsoleResponse:Display: 
[2016.06.17-03.56.14:492][  0]LogFileCache: Scanning file cache for directory 'C:/Users/GAME/Downloads/3대천왕 완성본/Content/' took 0.10s
[2016.06.17-03.56.14:492][  0]LogCook:Display: Max memory allowance for cook 8192mb
[2016.06.17-03.56.14:492][  0]LogCook:Display: Mobile HDR setting 1
[2016.06.17-03.56.14:641][  0]SourceControl: 정보 소스 콘트롤이 꺼졌습니다.
[2016.06.17-03.56.14:641][  0]Cmd: MAP LOAD FILE="../../../../../../Users/GAME/Downloads/3대천왕 완성본/Content/StarterContent/Maps/Minimal_Default.umap" TEMPLATE=0 SHOWPROGRESS=1 FEATURELEVEL=3
[2016.06.17-03.56.14:681][  0]LogEditorServer:Warning: Can't find file '../../../../../../Users/GAME/Downloads/3대천왕 완성본/Content/StarterContent/Maps/Minimal_Default.umap'
[2016.06.17-03.56.14:699][  0]Cmd: MAP CHECKDEP NOCLEARLOG
[2016.06.17-03.56.14:770][  0]MapCheck: 정보 맵 체크 완료: 오류 0 회, 경고 0 회, 소요 시간 71.521ms.
[2016.06.17-03.56.14:770][  0]LogFileHelpers: Loading map 'Minimal_Default' took 0.130
[2016.06.17-03.56.23:298][  0]LogCollectionManager: Loaded 0 collections in 0.004933 seconds
[2016.06.17-03.56.24:192][  0]LogFileCache: Scanning file cache for directory 'C:/Users/GAME/Downloads/3대천왕 완성본/Saved/Collections/' took 0.01s
[2016.06.17-03.56.24:192][  0]LogFileCache: Scanning file cache for directory 'C:/Users/GAME/Downloads/3대천왕 완성본/Content/Developers/GAME/Collections/' took 0.01s
[2016.06.17-03.56.24:192][  0]LogFileCache: Scanning file cache for directory 'C:/Users/GAME/Downloads/3대천왕 완성본/Content/Collections/' took 0.01s
[2016.06.17-03.56.24:192][  0]LogCollectionManager: Rebuilt the GUID cache for 0 collections in 0.000007 seconds
[2016.06.17-03.56.24:263][  0]LogContentBrowser: Native class hierarchy populated in 0.0414 seconds. Added 2047 classes and 369 folders.
[2016.06.17-03.56.24:585][  0]LogStats: UGameplayTagsManager::ConstructGameplayTagTree: Construct from data asset -  0.044 s
[2016.06.17-03.56.24:591][  0]LogStats: UGameplayTagsManager::ConstructGameplayTagTree: GameplayTagTreeChangedEvent.Broadcast -  0.005 s
[2016.06.17-03.56.24:691][  0]LogContentBrowser: Native class hierarchy updated for 'GameplayTags' in 0.0026 seconds. Added 12 classes and 0 folders.
[2016.06.17-03.56.24:789][  0]LogContentBrowser: Native class hierarchy updated for 'WidgetCarousel' in 0.0008 seconds. Added 0 classes and 0 folders.
[2016.06.17-03.56.26:414][  0]LogContentBrowser: Native class hierarchy updated for 'AddContentDialog' in 0.0011 seconds. Added 0 classes and 0 folders.
[2016.06.17-03.56.26:520][  0]LogContentBrowser: Native class hierarchy updated for 'SceneOutliner' in 0.0011 seconds. Added 1 classes and 2 folders.
[2016.06.17-03.56.27:437][  0]LogCrashTracker: Crashtracker disabled due to settings.
[2016.06.17-03.56.27:747][  0]LogUObjectGlobals:Warning: 'Class 없음.' 오브젝트를 찾는 데 실패했습니다.
[2016.06.17-03.56.27:835][  0]LogContentBrowser: Native class hierarchy updated for 'HierarchicalLODOutliner' in 0.0011 seconds. Added 1 classes and 2 folders.
[2016.06.17-03.56.27:836][  0]LogLoad: Full Startup: 24.81 seconds (BP compile: 0.00 seconds)
[2016.06.17-03.56.27:836][  0]LogExternalProfiler: Found external profiler: VSPerf
[2016.06.17-03.56.27:836][  0]LogExternalProfiler: Using external profiler: VSPerf
[2016.06.17-03.56.28:183][  0]LogOcInput: OculusInput pre-init called
[2016.06.17-03.56.28:543][  0]LogContentStreaming: Texture pool size now 200 MB
[2016.06.17-03.56.32:171][  0]LogRenderer: Reallocating scene render targets to support 856x372 (Frame:2).
[2016.06.17-03.56.38:735][  5]LogAssetRegistry: Asset discovery search completed in 29.2222 seconds
[2016.06.17-03.56.38:735][  5]LogCollectionManager: Rebuilt the object cache for 0 collections in 0.000002 seconds (found 0 objects)
[2016.06.17-03.56.38:735][  5]LogCollectionManager: Fixed up redirectors for 0 collections in 0.000065 seconds (updated 0 objects)
[2016.06.17-03.57.29:607][532]LogLinker:Warning: '/Game/StarterContent/Audio/Starter_Wind05' 파일을 찾을 수 없습니다.
[2016.06.17-03.57.29:607][532]LogLinker:Warning: '/Game/StarterContent/Audio/Starter_Wind05' 파일을 찾을 수 없습니다.
[2016.06.17-03.57.29:607][532]LogUObjectGlobals:Warning: 'Object /Game/StarterContent/Audio/Starter_Wind05.Starter_Wind05' 오브젝트를 찾는 데 실패했습니다.
[2016.06.17-03.57.29:608][532]LogLinker:Warning: '/Game/StarterContent/Audio/Starter_Birds01' 파일을 찾을 수 없습니다.
[2016.06.17-03.57.29:608][532]LogLinker:Warning: '/Game/StarterContent/Audio/Starter_Birds01' 파일을 찾을 수 없습니다.
[2016.06.17-03.57.29:608][532]LogUObjectGlobals:Warning: 'Object /Game/StarterContent/Audio/Starter_Birds01.Starter_Birds01' 오브젝트를 찾는 데 실패했습니다.
[2016.06.17-03.57.29:608][532]LogLinker:Warning: '/Game/StarterContent/Audio/Starter_Wind06' 파일을 찾을 수 없습니다.
[2016.06.17-03.57.29:609][532]LogLinker:Warning: '/Game/StarterContent/Audio/Starter_Wind06' 파일을 찾을 수 없습니다.
[2016.06.17-03.57.29:609][532]LogUObjectGlobals:Warning: 'Object /Game/StarterContent/Audio/Starter_Wind06.Starter_Wind06' 오브젝트를 찾는 데 실패했습니다.
[2016.06.17-03.57.29:999][532]LogAIModule: Creating AISystem for world 418
[2016.06.17-03.57.30:574][532]Cmd: MAP LOAD FILE="../../../../../../Users/GAME/Downloads/3대천왕 완성본/Content/Map/418.umap" TEMPLATE=0 SHOWPROGRESS=1 FEATURELEVEL=3
[2016.06.17-03.57.30:575][532]LightingResults: New page: 라이팅 빌드
[2016.06.17-03.57.30:579][532]LogContentBrowser: Native class hierarchy updated for 'StatsViewer' in 0.0007 seconds. Added 5 classes and 0 folders.
[2016.06.17-03.57.30:581][532]LoadErrors: New page: 맵 로드중: 418.umap
[2016.06.17-03.57.30:582][532]MapCheck: New page: 맵 체크
[2016.06.17-03.57.30:582][532]LightingResults: New page: 라이팅 빌드
[2016.06.17-03.57.30:836][532]LogPhysics:Warning: AddConvexElemsToRigidActor: [/Engine/BasicShapes/Cube.Cube] ConvexElem[0] invalid
[2016.06.17-03.57.30:836][532]LogPhysics:Warning: AddConvexElemsToRigidActor: [/Engine/BasicShapes/Cube.Cube] ConvexElem[0] invalid
[2016.06.17-03.57.31:044][532]LogEditorServer: Finished looking for orphan Actors (0.000 secs)
[2016.06.17-03.57.31:161][532]Cmd: MAP CHECKDEP NOCLEARLOG
[2016.06.17-03.57.31:273][532]MapCheck: 정보 맵 체크 완료: 오류 0 회, 경고 0 회, 소요 시간 111.699ms.
[2016.06.17-03.57.31:273][532]LogFileHelpers: Loading map '418' took 0.713
[2016.06.17-03.57.34:065][674]LogEditorViewport: Clicking on Actor (LMB): NewBlueprint3_C (NewBlueprint3)
[2016.06.17-03.57.35:967][674]LogEditorViewport: Clicking on Component (LMB): StaticMeshComponent (janggg)
[2016.06.17-03.57.41:173][  5]LogEditorViewport: Clicking on Actor (LMB): StaticMeshActor (418)
[2016.06.17-03.57.42:313][ 71]LogEditorViewport: Clicking on Actor (LMB): StaticMeshActor (418)
[2016.06.17-03.57.43:030][126]LogEditorViewport: Clicking on Actor (LMB): NewBlueprint3_C (NewBlueprint3)
[2016.06.17-03.57.50:014][601]LogEditorViewport: Clicking on Actor (LMB): StaticMeshActor (418)
[2016.06.17-03.57.50:102][601]LogEditorViewport: Clicking on Component (LMB): StaticMeshComponent (StaticMeshComponent0)
[2016.06.17-03.57.50:796][648]LogEditorViewport: Clicking on Component (LMB): StaticMeshComponent (StaticMeshComponent0)
[2016.06.17-03.57.50:891][651]LogEditorViewport: Clicking on Actor (double click): StaticMeshActor (418)
[2016.06.17-03.57.52:047][752]LogEditorViewport: Clicking on Actor (LMB): StaticMeshActor (418)
[2016.06.17-03.57.52:149][756]LogEditorViewport: Clicking on Component (LMB): StaticMeshComponent (StaticMeshComponent0)
[2016.06.17-03.57.54:744][982]LogEditorViewport: Clicking on Actor (LMB): NewBlueprint3_C (NewBlueprint3)
[2016.06.17-03.57.54:856][982]LogEditorViewport: Clicking on Component (LMB): SkeletalMeshComponent (CharacterMesh0)
[2016.06.17-03.57.56:057][ 76]LogEditorViewport: Clicking on Component (context menu): SkeletalMeshComponent (CharacterMesh0)
[2016.06.17-03.58.16:638][426]LogEditorViewport: Clicking on Actor (context menu): NewBlueprint3_C (NewBlueprint3)
[2016.06.17-03.58.25:349][845]LogContentBrowser: Native class hierarchy updated for 'BlueprintGraph' in 0.0025 seconds. Added 111 classes and 0 folders.
[2016.06.17-03.58.27:369][845]LogTexture:Display: 텍스처 빌드중: TilePatine_N (BC5)
[2016.06.17-03.58.27:580][845]LogTexture:Display: 텍스처 빌드중: TilePatine_D (AutoDXT)
[2016.06.17-03.58.31:251][897]LogRenderer: Reallocating scene render targets to support 856x588 (Frame:888).
[2016.06.17-03.59.47:725][947]LogEditorViewport: Clicking on Actor (context menu): NewBlueprint_C (NewBlueprint)
[2016.06.17-03.59.52:638][197]LogBlueprintUserMessages: [NewBlueprint_C_0] Hello
[2016.06.17-03.59.52:642][197]LogBlueprintUserMessages: [NewBlueprint_C_0] Hello
[2016.06.17-03.59.54:224][258]LogBlueprintUserMessages: [NewBlueprint_C_0] BYE
[2016.06.17-03.59.54:224][258]LogBlueprintUserMessages: [NewBlueprint_C_0] BYE
[2016.06.17-03.59.55:853][320]LogBlueprintUserMessages: [NewBlueprint_C_0] Hello
[2016.06.17-03.59.55:853][320]LogBlueprintUserMessages: [NewBlueprint_C_0] Hello
[2016.06.17-04.00.27:711][874]LogBlueprintUserMessages: [NewBlueprint_C_0] BYE
[2016.06.17-04.00.27:712][874]LogBlueprintUserMessages: [NewBlueprint_C_0] BYE
[2016.06.17-04.00.35:802][ 72]LogAIModule: Creating AISystem for world 417
[2016.06.17-04.00.36:031][ 72]Cmd: MAP LOAD FILE="../../../../../../Users/GAME/Downloads/3대천왕 완성본/Content/Map/417.umap" TEMPLATE=0 SHOWPROGRESS=1 FEATURELEVEL=3
[2016.06.17-04.00.36:031][ 72]LightingResults: New page: 라이팅 빌드
[2016.06.17-04.00.36:033][ 72]LoadErrors: New page: 맵 로드중: 417.umap
[2016.06.17-04.00.36:068][ 72]MapCheck: New page: 맵 체크
[2016.06.17-04.00.36:068][ 72]LightingResults: New page: 라이팅 빌드
[2016.06.17-04.00.36:172][ 72]LogPhysics:Warning: AddConvexElemsToRigidActor: [/Engine/BasicShapes/Cube.Cube] ConvexElem[0] invalid
[2016.06.17-04.00.36:172][ 72]LogPhysics:Warning: AddConvexElemsToRigidActor: [/Engine/BasicShapes/Cube.Cube] ConvexElem[0] invalid
[2016.06.17-04.00.36:212][ 72]LogEditorServer: Finished looking for orphan Actors (0.000 secs)
[2016.06.17-04.00.36:292][ 72]Cmd: MAP CHECKDEP NOCLEARLOG
[2016.06.17-04.00.36:435][ 72]MapCheck: 정보 맵 체크 완료: 오류 0 회, 경고 0 회, 소요 시간 142.395ms.
[2016.06.17-04.00.36:436][ 72]LogFileHelpers: Loading map '417' took 0.414
[2016.06.17-04.00.38:159][227]LogEditorViewport: Clicking on Actor (context menu): NewBlueprint2_C (NewBlueprint2)
[2016.06.17-04.16.26:943][561]LogWindowsTextInputMethodSystem:Display: IME system now activated using TSF (Microsoft 입력기).
[2016.06.17-04.16.27:491][562]Cmd: QUIT_EDITOR
[2016.06.17-04.16.28:172][562]LogExit: Preparing to exit.
[2016.06.17-04.16.30:952][562]LogExit: Editor shut down
[2016.06.17-04.16.30:953][562]LogExit: Transaction tracking system shut down
[2016.06.17-04.16.33:742][562]LogObj: Freed 0b from 0 cluster array pools.
[2016.06.17-04.16.33:742][562]LogExit: Object subsystem successfully closed.
[2016.06.17-04.16.34:114][562]LogD3D11RHI: Shutdown
[2016.06.17-04.16.34:114][562]LogD3D11RHI: CleanupD3DDevice
[2016.06.17-04.16.34:639][562]LogD3D11RHI: ~FD3D11DynamicRHI
[2016.06.17-04.16.35:550][562]LogModuleManager: Shutting down and abandoning module BlueprintGraph (214)
[2016.06.17-04.16.35:560][562]LogModuleManager: Shutting down and abandoning module StatsViewer (213)
[2016.06.17-04.16.35:604][562]LogModuleManager: Shutting down and abandoning module HierarchicalLODOutliner (212)
[2016.06.17-04.16.35:622][562]LogModuleManager: Shutting down and abandoning module CrashTracker (211)
[2016.06.17-04.16.35:622][562]LogModuleManager: Shutting down and abandoning module SceneOutliner (210)
[2016.06.17-04.16.35:683][562]LogModuleManager: Shutting down and abandoning module WidgetCarousel (209)
[2016.06.17-04.16.35:743][562]LogModuleManager: Shutting down and abandoning module AddContentDialog (208)
[2016.06.17-04.16.35:991][562]LogModuleManager: Shutting down and abandoning module GameplayTags (207)
[2016.06.17-04.16.35:991][562]LogModuleManager: Shutting down and abandoning module EditorWidgets (206)
[2016.06.17-04.16.35:992][562]LogModuleManager: Shutting down and abandoning module CollectionManager (205)
[2016.06.17-04.16.36:246][562]LogModuleManager: Shutting down and abandoning module FoliageEdit (204)
[2016.06.17-04.16.36:357][562]LogModuleManager: Shutting down and abandoning module LandscapeEditor (203)
[2016.06.17-04.16.36:620][562]LogModuleManager: Shutting down and abandoning module SceneDepthPickerMode (202)
[2016.06.17-04.16.36:620][562]LogModuleManager: Shutting down and abandoning module ActorPickerMode (201)
[2016.06.17-04.16.36:620][562]LogModuleManager: Shutting down and abandoning module GeometryMode (200)
[2016.06.17-04.16.36:620][562]LogModuleManager: Shutting down and abandoning module TextureAlignMode (199)
[2016.06.17-04.16.36:620][562]LogModuleManager: Shutting down and abandoning module BspMode (198)
[2016.06.17-04.16.36:866][562]LogModuleManager: Shutting down and abandoning module HardwareSurvey (197)
[2016.06.17-04.16.36:955][562]LogModuleManager: Shutting down and abandoning module SequenceRecorderSections (196)
[2016.06.17-04.16.36:955][562]LogModuleManager: Shutting down and abandoning module SequenceRecorder (195)
[2016.06.17-04.16.37:096][562]LogModuleManager: Shutting down and abandoning module AutomationWorker (194)
[2016.06.17-04.16.37:096][562]LogModuleManager: Shutting down and abandoning module MatineeToLevelSequence (193)
[2016.06.17-04.16.37:292][562]LogModuleManager: Shutting down and abandoning module PlacementMode (192)
[2016.06.17-04.16.37:818][562]LogModuleManager: Shutting down and abandoning module LevelSequenceEditor (191)
[2016.06.17-04.16.38:052][562]LogModuleManager: Shutting down and abandoning module CharacterAI (190)
[2016.06.17-04.16.38:052][562]LogModuleManager: Shutting down and abandoning module SmartSnapping (189)
[2016.06.17-04.16.38:052][562]LogModuleManager: Shutting down and abandoning module SessionServices (188)
[2016.06.17-04.16.38:052][562]LogModuleManager: Shutting down and abandoning module ViewportSnapping (187)
[2016.06.17-04.16.38:052][562]LogModuleManager: Shutting down and abandoning module LogVisualizer (186)
[2016.06.17-04.16.38:129][562]LogModuleManager: Shutting down and abandoning module GameProjectGeneration (185)
[2016.06.17-04.16.38:222][562]LogModuleManager: Shutting down and abandoning module IntroTutorials (184)
[2016.06.17-04.16.38:272][562]LogModuleManager: Shutting down and abandoning module EditorLiveStreaming (183)
[2016.06.17-04.16.38:272][562]LogModuleManager: Shutting down and abandoning module IOSPlatformEditor (182)
[2016.06.17-04.16.38:301][562]LogModuleManager: Shutting down and abandoning module HTML5PlatformEditor (181)
[2016.06.17-04.16.38:301][562]LogModuleManager: Shutting down and abandoning module AndroidDeviceDetection (180)
[2016.06.17-04.16.38:529][562]LogModuleManager: Shutting down and abandoning module AndroidPlatformEditor (179)
[2016.06.17-04.16.38:554][562]LogModuleManager: Shutting down and abandoning module IOSRuntimeSettings (178)
[2016.06.17-04.16.38:554][562]LogModuleManager: Shutting down and abandoning module AndroidRuntimeSettings (177)
[2016.06.17-04.16.38:554][562]LogModuleManager: Shutting down and abandoning module MergeActors (176)
[2016.06.17-04.16.38:591][562]LogModuleManager: Shutting down and abandoning module SizeMap (175)
[2016.06.17-04.16.38:591][562]LogModuleManager: Shutting down and abandoning module TreeMap (174)
[2016.06.17-04.16.38:675][562]LogModuleManager: Shutting down and abandoning module ReferenceViewer (173)
[2016.06.17-04.16.38:708][562]LogModuleManager: Shutting down and abandoning module LocalizationService (172)
[2016.06.17-04.16.38:742][562]LogModuleManager: Shutting down and abandoning module LocalizationDashboard (171)
[2016.06.17-04.16.38:823][562]LogModuleManager: Shutting down and abandoning module HardwareTargeting (170)
[2016.06.17-04.16.38:866][562]LogModuleManager: Shutting down and abandoning module DeviceProfileEditor (169)
[2016.06.17-04.16.38:963][562]LogModuleManager: Shutting down and abandoning module UndoHistory (168)
[2016.06.17-04.16.39:006][562]LogModuleManager: Shutting down and abandoning module UserFeedback (167)
[2016.06.17-04.16.39:006][562]LogModuleManager: Shutting down and abandoning module XmlParser (166)
[2016.06.17-04.16.39:034][562]LogModuleManager: Shutting down and abandoning module Blutility (165)
[2016.06.17-04.16.39:046][562]LogModuleManager: Shutting down and abandoning module ProjectTargetPlatformEditor (164)
[2016.06.17-04.16.39:063][562]LogModuleManager: Shutting down and abandoning module ProjectSettingsViewer (163)
[2016.06.17-04.16.39:063][562]LogModuleManager: Shutting down and abandoning module InputBindingEditor (162)
[2016.06.17-04.16.39:099][562]LogModuleManager: Shutting down and abandoning module EditorSettingsViewer (161)
[2016.06.17-04.16.39:099][562]LogModuleManager: Shutting down and abandoning module SettingsEditor (160)
[2016.06.17-04.16.39:181][562]LogModuleManager: Shutting down and abandoning module ProjectLauncher (159)
[2016.06.17-04.16.39:246][562]LogModuleManager: Shutting down and abandoning module SessionFrontend (158)
[2016.06.17-04.16.39:306][562]LogModuleManager: Shutting down and abandoning module ProfilerClient (157)
[2016.06.17-04.16.39:332][562]LogModuleManager: Shutting down and abandoning module TargetDeviceServices (156)
[2016.06.17-04.16.39:332][562]LogModuleManager: Shutting down and abandoning module DeviceManager (155)
[2016.06.17-04.16.39:386][562]LogModuleManager: Shutting down and abandoning module AutomationController (154)
[2016.06.17-04.16.39:400][562]LogModuleManager: Shutting down and abandoning module AutomationWindow (153)
[2016.06.17-04.16.39:444][562]LogModuleManager: Shutting down and abandoning module Layers (152)
[2016.06.17-04.16.39:587][562]LogModuleManager: Shutting down and abandoning module ComponentVisualizers (151)
[2016.06.17-04.16.39:587][562]LogModuleManager: Shutting down and abandoning module DetailCustomizations (150)
[2016.06.17-04.16.39:675][562]LogModuleManager: Shutting down and abandoning module PackagesDialog (149)
[2016.06.17-04.16.39:739][562]LogModuleManager: Shutting down and abandoning module Persona (148)
[2016.06.17-04.16.39:909][562]LogModuleManager: Shutting down and abandoning module Kismet (147)
[2016.06.17-04.16.39:909][562]LogModuleManager: Shutting down and abandoning module GraphEditor (146)
[2016.06.17-04.16.39:909][562]LogModuleManager: Shutting down and abandoning module ClassViewer (145)
[2016.06.17-04.16.39:927][562]LogModuleManager: Shutting down and abandoning module Toolbox (144)
[2016.06.17-04.16.39:940][562]LogModuleManager: Shutting down and abandoning module ModuleUI (143)
[2016.06.17-04.16.39:989][562]LogModuleManager: Shutting down and abandoning module MovieSceneTools (142)
[2016.06.17-04.16.40:331][562]LogModuleManager: Shutting down and abandoning module OutputLog (141)
[2016.06.17-04.16.40:360][562]LogModuleManager: Shutting down and abandoning module GammaUI (140)
[2016.06.17-04.16.40:375][562]LogModuleManager: Shutting down and abandoning module Documentation (139)
[2016.06.17-04.16.40:375][562]LogModuleManager: Shutting down and abandoning module StreamingPauseRendering (138)
[2016.06.17-04.16.40:376][562]LogModuleManager: Shutting down and abandoning module AnalyticsET (137)
[2016.06.17-04.16.40:376][562]LogModuleManager: Shutting down and abandoning module Analytics (136)
[2016.06.17-04.16.40:376][562]LogModuleManager: Shutting down and abandoning module PortalServices (135)
[2016.06.17-04.16.40:376][562]LogModuleManager: Shutting down and abandoning module PortalRpc (134)
[2016.06.17-04.16.40:376][562]LogModuleManager: Shutting down and abandoning module MessagingRpc (133)
[2016.06.17-04.16.40:376][562]LogModuleManager: Shutting down and abandoning module GameplayDebugger (132)
[2016.06.17-04.16.40:391][562]LogModuleManager: Shutting down and abandoning module AITestSuite (131)
[2016.06.17-04.16.40:404][562]LogModuleManager: Shutting down and abandoning module AIModule (130)
[2016.06.17-04.16.40:404][562]LogModuleManager: Shutting down and abandoning module ProfilerService (129)
[2016.06.17-04.16.40:647][562]LogModuleManager: Shutting down and abandoning module TaskGraph (128)
[2016.06.17-04.16.40:668][562]LogModuleManager: Shutting down and abandoning module SlateRemote (127)
[2016.06.17-04.16.40:668][562]LogModuleManager: Shutting down and abandoning module SteamVRController (126)
[2016.06.17-04.16.40:668][562]LogModuleManager: Shutting down and abandoning module SteamVR (125)
[2016.06.17-04.16.40:668][562]LogModuleManager: Shutting down and abandoning module ProceduralMeshComponent (124)
[2016.06.17-04.16.40:668][562]LogModuleManager: Shutting down and abandoning module OculusLibrary (123)
[2016.06.17-04.16.40:668][562]LogModuleManager: Shutting down and abandoning module OculusInput (122)
[2016.06.17-04.16.40:668][562]LogModuleManager: Shutting down and abandoning module CustomMeshComponent (121)
[2016.06.17-04.16.40:668][562]LogModuleManager: Shutting down and abandoning module CableComponent (120)
[2016.06.17-04.16.40:668][562]LogModuleManager: Shutting down and abandoning module ArchVisCharacter (119)
[2016.06.17-04.16.40:668][562]LogModuleManager: Shutting down and abandoning module MediaPlayerEditor (118)
[2016.06.17-04.16.40:711][562]LogModuleManager: Shutting down and abandoning module HTML5Networking (117)
[2016.06.17-04.16.40:711][562]LogModuleManager: Shutting down and abandoning module SuperSearch (116)
[2016.06.17-04.16.40:711][562]LogModuleManager: Shutting down and abandoning module SuperSearchEditor (115)
[2016.06.17-04.16.40:711][562]LogModuleManager: Shutting down and abandoning module SpeedTreeImporter (114)
[2016.06.17-04.16.40:711][562]LogModuleManager: Shutting down and abandoning module PluginBrowser (113)
[2016.06.17-04.16.40:727][562]LogModuleManager: Shutting down and abandoning module EpicSurvey (112)
[2016.06.17-04.16.40:727][562]LogModuleManager: Shutting down and abandoning module DesktopPlatform (111)
[2016.06.17-04.16.40:743][562]LogModuleManager: Shutting down and abandoning module VisualStudioSourceCodeAccess (110)
[2016.06.17-04.16.40:757][562]LogModuleManager: Shutting down and abandoning module UObjectPlugin (109)
[2016.06.17-04.16.40:757][562]LogModuleManager: Shutting down and abandoning module SubversionSourceControl (108)
[2016.06.17-04.16.40:767][562]LogModuleManager: Shutting down and abandoning module PerforceSourceControl (107)
[2016.06.17-04.16.40:787][562]LogModuleManager: Shutting down and abandoning module SourceControl (106)
[2016.06.17-04.16.40:806][562]LogModuleManager: Shutting down and abandoning module GitSourceControl (105)
[2016.06.17-04.16.40:822][562]LogModuleManager: Shutting down and abandoning module LightPropagationVolumeEditor (104)
[2016.06.17-04.16.40:822][562]LogModuleManager: Shutting down and abandoning module PaperTiledImporter (103)
[2016.06.17-04.16.40:837][562]LogModuleManager: Shutting down and abandoning module PaperSpriteSheetImporter (102)
[2016.06.17-04.16.40:837][562]LogModuleManager: Shutting down and abandoning module MeshPaint (101)
[2016.06.17-04.16.40:849][562]LogModuleManager: Shutting down and abandoning module PixelInspectorModule (100)
[2016.06.17-04.16.40:859][562]LogModuleManager: Shutting down and abandoning module HotReload (99)
[2016.06.17-04.16.40:889][562]LogModuleManager: Shutting down and abandoning module MainFrame (98)
[2016.06.17-04.16.40:895][562]LogModuleManager: Shutting down and abandoning module LevelEditor (97)
[2016.06.17-04.16.40:910][562]LogModuleManager: Shutting down and abandoning module ContentBrowser (96)
[2016.06.17-04.16.40:912][562]LogModuleManager: Shutting down and abandoning module Paper2DEditor (95)
[2016.06.17-04.16.40:930][562]LogModuleManager: Shutting down and abandoning module UdpMessaging (94)
[2016.06.17-04.16.41:031][562]LogModuleManager: Shutting down and abandoning module LightPropagationVolumeRuntime (93)
[2016.06.17-04.16.41:031][562]LogModuleManager: Shutting down and abandoning module Paper2D (92)
[2016.06.17-04.16.41:045][562]LogModuleManager: Shutting down and abandoning module WindowsMoviePlayer (91)
[2016.06.17-04.16.41:045][562]LogModuleManager: Shutting down and abandoning module Media (90)
[2016.06.17-04.16.41:045][562]LogModuleManager: Shutting down and abandoning module WmfMedia (89)
[2016.06.17-04.16.41:065][562]LogModuleManager: Shutting down and abandoning module MediaAssets (88)
[2016.06.17-04.16.41:065][562]LogModuleManager: Shutting down and abandoning module GameLiveStreaming (87)
[2016.06.17-04.16.41:083][562]LogModuleManager: Shutting down and abandoning module GameplayTagsEditor (86)
[2016.06.17-04.16.41:084][562]LogModuleManager: Shutting down and abandoning module OnlineBlueprintSupport (85)
[2016.06.17-04.16.41:084][562]LogModuleManager: Shutting down and abandoning module VREditor (84)
[2016.06.17-04.16.41:094][562]LogModuleManager: Shutting down and abandoning module GameplayTasksEditor (83)
[2016.06.17-04.16.41:094][562]LogModuleManager: Shutting down and abandoning module PropertyEditor (82)
[2016.06.17-04.16.41:094][562]LogModuleManager: Shutting down and abandoning module BehaviorTreeEditor (81)
[2016.06.17-04.16.41:137][562]LogModuleManager: Shutting down and abandoning module FunctionalTesting (80)
[2016.06.17-04.16.41:137][562]LogModuleManager: Shutting down and abandoning module CollisionAnalyzer (79)
[2016.06.17-04.16.41:152][562]LogModuleManager: Shutting down and abandoning module Sequencer (78)
[2016.06.17-04.16.41:175][562]LogModuleManager: Shutting down and abandoning module WorkspaceMenuStructure (77)
[2016.06.17-04.16.41:175][562]LogModuleManager: Shutting down and abandoning module MessageLog (76)
[2016.06.17-04.16.41:175][562]LogModuleManager: Shutting down and abandoning module AssetTools (75)
[2016.06.17-04.16.41:209][562]LogModuleManager: Shutting down and abandoning module UMGEditor (74)
[2016.06.17-04.16.41:258][562]LogModuleManager: Shutting down and abandoning module UMG (73)
[2016.06.17-04.16.41:327][562]LogModuleManager: Shutting down and abandoning module SlateReflector (72)
[2016.06.17-04.16.41:493][562]LogModuleManager: Shutting down and abandoning module Slate (71)
[2016.06.17-04.16.41:493][562]LogModuleManager: Shutting down and abandoning module EditorStyle (70)
[2016.06.17-04.16.41:530][562]LogModuleManager: Shutting down and abandoning module SourceCodeAccess (69)
[2016.06.17-04.16.41:530][562]LogModuleManager: Shutting down and abandoning module HeadMountedDisplay (68)
[2016.06.17-04.16.41:530][562]LogModuleManager: Shutting down and abandoning module XAudio2 (67)
[2016.06.17-04.16.41:530][562]LogModuleManager: Shutting down and abandoning module Networking (65)
[2016.06.17-04.16.41:531][562]LogModuleManager: Shutting down and abandoning module Core (64)
[2016.06.17-04.16.41:531][562]LogModuleManager: Shutting down and abandoning module DirectoryWatcher (63)
[2016.06.17-04.16.41:532][562]LogModuleManager: Shutting down and abandoning module AssetRegistry (62)
[2016.06.17-04.16.41:626][562]LogModuleManager: Shutting down and abandoning module KismetCompiler (61)
[2016.06.17-04.16.41:626][562]LogModuleManager: Shutting down and abandoning module PhysXFormats (60)
[2016.06.17-04.16.41:635][562]LogModuleManager: Shutting down and abandoning module MeshUtilities (59)
[2016.06.17-04.16.41:656][562]LogModuleManager: Shutting down and abandoning module DerivedDataCache (58)
[2016.06.17-04.16.41:714][562]LogDerivedDataCache: Shutdown
[2016.06.17-04.16.41:714][562]LogModuleManager: Shutting down and abandoning module VulkanShaderFormat (57)
[2016.06.17-04.16.41:732][562]LogModuleManager: Shutting down and abandoning module ShaderFormatOpenGL (56)
[2016.06.17-04.16.41:742][562]LogModuleManager: Shutting down and abandoning module ShaderFormatD3D (55)
[2016.06.17-04.16.41:755][562]LogModuleManager: Shutting down and abandoning module MetalShaderFormat (54)
[2016.06.17-04.16.41:771][562]LogModuleManager: Shutting down and abandoning module TextureFormatUncompressed (53)
[2016.06.17-04.16.41:771][562]LogModuleManager: Shutting down and abandoning module TextureFormatPVR (52)
[2016.06.17-04.16.41:779][562]LogModuleManager: Shutting down and abandoning module TextureFormatIntelISPCTexComp (51)
[2016.06.17-04.16.41:794][562]LogModuleManager: Shutting down and abandoning module TextureFormatDXT (50)
[2016.06.17-04.16.41:794][562]LogModuleManager: Shutting down and abandoning module ImageWrapper (49)
[2016.06.17-04.16.41:794][562]LogModuleManager: Shutting down and abandoning module TextureFormatASTC (48)
[2016.06.17-04.16.41:794][562]LogModuleManager: Shutting down and abandoning module TextureFormatAndroid (47)
[2016.06.17-04.16.41:794][562]LogModuleManager: Shutting down and abandoning module AudioFormatOpus (46)
[2016.06.17-04.16.41:800][562]LogModuleManager: Shutting down and abandoning module AudioFormatOgg (45)
[2016.06.17-04.16.41:806][562]LogModuleManager: Shutting down and abandoning module AudioFormatADPCM (44)
[2016.06.17-04.16.41:807][562]LogModuleManager: Shutting down and abandoning module LinuxTargetPlatform (43)
[2016.06.17-04.16.41:807][562]LogModuleManager: Shutting down and abandoning module LinuxServerTargetPlatform (42)
[2016.06.17-04.16.41:817][562]LogModuleManager: Shutting down and abandoning module LinuxNoEditorTargetPlatform (41)
[2016.06.17-04.16.41:821][562]LogModuleManager: Shutting down and abandoning module TVOSTargetPlatform (40)
[2016.06.17-04.16.41:821][562]LogModuleManager: Shutting down and abandoning module Messaging (39)
[2016.06.17-04.16.41:821][562]LogModuleManager: Shutting down and abandoning module IOSTargetPlatform (38)
[2016.06.17-04.16.41:821][562]LogModuleManager: Shutting down and abandoning module HTML5TargetPlatform (37)
[2016.06.17-04.16.41:821][562]LogModuleManager: Shutting down and abandoning module Android_PVRTCTargetPlatform (36)
[2016.06.17-04.16.41:821][562]LogModuleManager: Shutting down and abandoning module Android_MultiTargetPlatform (35)
[2016.06.17-04.16.41:832][562]LogModuleManager: Shutting down and abandoning module Android_ETC2TargetPlatform (34)
[2016.06.17-04.16.41:832][562]LogModuleManager: Shutting down and abandoning module Android_ETC1TargetPlatform (33)
[2016.06.17-04.16.41:832][562]LogModuleManager: Shutting down and abandoning module Android_DXTTargetPlatform (32)
[2016.06.17-04.16.41:832][562]LogModuleManager: Shutting down and abandoning module Android_ATCTargetPlatform (31)
[2016.06.17-04.16.41:832][562]LogModuleManager: Shutting down and abandoning module Android_ASTCTargetPlatform (30)
[2016.06.17-04.16.41:832][562]LogModuleManager: Shutting down and abandoning module AndroidTargetPlatform (29)
[2016.06.17-04.16.41:832][562]LogModuleManager: Shutting down and abandoning module WindowsTargetPlatform (28)
[2016.06.17-04.16.41:832][562]LogModuleManager: Shutting down and abandoning module WindowsServerTargetPlatform (27)
[2016.06.17-04.16.41:849][562]LogModuleManager: Shutting down and abandoning module WindowsNoEditorTargetPlatform (26)
[2016.06.17-04.16.41:855][562]LogModuleManager: Shutting down and abandoning module WindowsClientTargetPlatform (25)
[2016.06.17-04.16.41:861][562]LogModuleManager: Shutting down and abandoning module AllDesktopTargetPlatform (24)
[2016.06.17-04.16.41:862][562]LogModuleManager: Shutting down and abandoning module TargetPlatform (23)
[2016.06.17-04.16.41:879][562]LogModuleManager: Shutting down and abandoning module InputCore (22)
[2016.06.17-04.16.41:879][562]LogModuleManager: Shutting down and abandoning module Settings (21)
[2016.06.17-04.16.41:879][562]LogModuleManager: Shutting down and abandoning module OnlineSubsystem (19)
[2016.06.17-04.16.41:888][562]LogModuleManager: Shutting down and abandoning module HTTP (18)
[2016.06.17-04.16.44:900][562]LogModuleManager: Shutting down and abandoning module XMPP (17)
[2016.06.17-04.16.44:937][562]LogModuleManager: Shutting down and abandoning module OculusRift (16)
[2016.06.17-04.16.44:957][562]LogModuleManager: Shutting down and abandoning module ExampleDeviceProfileSelector (15)
[2016.06.17-04.16.44:957][562]LogModuleManager: Shutting down and abandoning module TextureCompressor (14)
[2016.06.17-04.16.44:969][562]LogModuleManager: Shutting down and abandoning module ShaderCore (13)
[2016.06.17-04.16.44:969][562]LogModuleManager: Shutting down and abandoning module Landscape (12)
[2016.06.17-04.16.44:969][562]LogModuleManager: Shutting down and abandoning module SlateRHIRenderer (11)
[2016.06.17-04.16.44:989][562]LogModuleManager: Shutting down and abandoning module OpenGLDrv (10)
[2016.06.17-04.16.44:994][562]LogModuleManager: Shutting down and abandoning module D3D11RHI (9)
[2016.06.17-04.16.44:994][562]LogModuleManager: Shutting down and abandoning module AnimGraphRuntime (8)
[2016.06.17-04.16.44:995][562]LogModuleManager: Shutting down and abandoning module Renderer (7)
[2016.06.17-04.16.44:995][562]LogModuleManager: Shutting down and abandoning module Engine (6)
[2016.06.17-04.16.44:995][562]LogModuleManager: Shutting down and abandoning module CoreUObject (5)
[2016.06.17-04.16.44:995][562]LogModuleManager: Shutting down and abandoning module NetworkFile (4)
[2016.06.17-04.16.45:003][562]LogModuleManager: Shutting down and abandoning module StreamingFile (3)
[2016.06.17-04.16.45:017][562]LogModuleManager: Shutting down and abandoning module SandboxFile (2)
[2016.06.17-04.16.45:025][562]LogModuleManager: Shutting down and abandoning module PakFile (1)
[2016.06.17-04.16.45:106][562]LogExit: Exiting.
[2016.06.17-04.16.45:121][562]Log file closed, 06/17/16 13:16:45
